c:\users\erik\source\repos\3dfourconnect\x64\release\3dfourconnect.ipdb
c:\users\erik\source\repos\3dfourconnect\x64\release\3dfourconnect.iobj
c:\users\erik\source\repos\3dfourconnect\x64\release\gamenetworkingsockets.dll
c:\users\erik\source\repos\3dfourconnect\x64\release\libprotobuf.dll
c:\users\erik\source\repos\3dfourconnect\x64\release\libcrypto-1_1-x64.dll
c:\users\erik\source\repos\3dfourconnect\3dfourconnect\x64\release\vc141.pdb
c:\users\erik\source\repos\3dfourconnect\3dfourconnect\x64\release\tools.obj
c:\users\erik\source\repos\3dfourconnect\3dfourconnect\x64\release\texttest.obj
c:\users\erik\source\repos\3dfourconnect\3dfourconnect\x64\release\online3dfourconnect.obj
c:\users\erik\source\repos\3dfourconnect\3dfourconnect\x64\release\local3dfourconnect.obj
c:\users\erik\source\repos\3dfourconnect\3dfourconnect\x64\release\imageloader.obj
c:\users\erik\source\repos\3dfourconnect\3dfourconnect\x64\release\glad.obj
c:\users\erik\source\repos\3dfourconnect\x64\release\3dfourconnect.exe
c:\users\erik\source\repos\3dfourconnect\x64\release\3dfourconnect.pdb
c:\users\erik\source\repos\3dfourconnect\3dfourconnect\x64\release\3dfourconnect.tlog\3dfourconnect.write.1u.tlog
c:\users\erik\source\repos\3dfourconnect\3dfourconnect\x64\release\3dfourconnect.tlog\cl.command.1.tlog
c:\users\erik\source\repos\3dfourconnect\3dfourconnect\x64\release\3dfourconnect.tlog\cl.read.1.tlog
c:\users\erik\source\repos\3dfourconnect\3dfourconnect\x64\release\3dfourconnect.tlog\cl.write.1.tlog
c:\users\erik\source\repos\3dfourconnect\3dfourconnect\x64\release\3dfourconnect.tlog\link.command.1.tlog
c:\users\erik\source\repos\3dfourconnect\3dfourconnect\x64\release\3dfourconnect.tlog\link.read.1.tlog
c:\users\erik\source\repos\3dfourconnect\3dfourconnect\x64\release\3dfourconnect.tlog\link.write.1.tlog
