  Main.cpp
c:\users\erik\source\repos\3dfourconnect\libresources\include\shader.h(61): warning C4101: 'e': unreferenced local variable
c:\program files (x86)\windows kits\10\include\10.0.17763.0\shared\minwindef.h(130): warning C4005: 'APIENTRY': macro redefinition
  c:\users\erik\source\repos\3dfourconnect\libresources\include\glad\glad.h(32): note: see previous definition of 'APIENTRY'
c:\users\erik\source\repos\3dfourconnect\3dfourconnect\camera.h(78): warning C4305: '=': truncation from 'double' to 'float'
c:\users\erik\source\repos\3dfourconnect\3dfourconnect\camera.h(79): warning C4305: '=': truncation from 'double' to 'float'
c:\users\erik\source\repos\3dfourconnect\3dfourconnect\camera.h(99): warning C4305: '=': truncation from 'double' to 'float'
c:\users\erik\source\repos\3dfourconnect\3dfourconnect\camera.h(170): warning C4244: '=': conversion from 'double' to 'float', possible loss of data
c:\users\erik\source\repos\3dfourconnect\3dfourconnect\camera.h(171): warning C4244: '=': conversion from 'double' to 'float', possible loss of data
c:\users\erik\source\repos\3dfourconnect\3dfourconnect\camera.h(175): warning C4244: 'initializing': conversion from 'double' to 'float', possible loss of data
c:\users\erik\source\repos\3dfourconnect\3dfourconnect\camera.h(176): warning C4244: 'initializing': conversion from 'double' to 'float', possible loss of data
c:\users\erik\source\repos\3dfourconnect\3dfourconnect\camera.h(177): warning C4244: '=': conversion from 'double' to 'float', possible loss of data
c:\users\erik\source\repos\3dfourconnect\3dfourconnect\camera.h(178): warning C4244: '=': conversion from 'double' to 'float', possible loss of data
c:\users\erik\source\repos\3dfourconnect\3dfourconnect\camera.h(194): warning C4244: '=': conversion from 'double' to 'float', possible loss of data
c:\users\erik\source\repos\3dfourconnect\3dfourconnect\camera.h(195): warning C4244: '=': conversion from 'double' to 'float', possible loss of data
c:\users\erik\source\repos\3dfourconnect\3dfourconnect\camera.h(197): warning C4244: '*=': conversion from 'double' to 'float', possible loss of data
c:\users\erik\source\repos\3dfourconnect\3dfourconnect\camera.h(198): warning C4244: '*=': conversion from 'double' to 'float', possible loss of data
c:\users\erik\source\repos\3dfourconnect\3dfourconnect\camera.h(208): warning C4244: 'initializing': conversion from 'double' to 'float', possible loss of data
c:\users\erik\source\repos\3dfourconnect\3dfourconnect\camera.h(209): warning C4244: '=': conversion from 'double' to 'float', possible loss of data
c:\users\erik\source\repos\3dfourconnect\3dfourconnect\mesh.h(91): warning C4244: 'argument': conversion from 'int' to 'float', possible loss of data
c:\users\erik\source\repos\3dfourconnect\3dfourconnect\mesh.h(124): warning C4267: 'argument': conversion from 'size_t' to 'GLsizei', possible loss of data
c:\users\erik\source\repos\3dfourconnect\3dfourconnect\gamemanager.h(97): warning C4305: 'initializing': truncation from 'double' to 'float'
c:\users\erik\source\repos\3dfourconnect\3dfourconnect\gamemanager.h(98): warning C4305: '=': truncation from 'double' to 'float'
c:\users\erik\source\repos\3dfourconnect\3dfourconnect\gamemanager.h(102): warning C4554: '|': check operator precedence for possible error; use parentheses to clarify precedence
c:\users\erik\source\repos\3dfourconnect\3dfourconnect\gamemanager.h(106): warning C4554: '|': check operator precedence for possible error; use parentheses to clarify precedence
c:\users\erik\source\repos\3dfourconnect\3dfourconnect\gamemanager.h(110): warning C4554: '|': check operator precedence for possible error; use parentheses to clarify precedence
c:\users\erik\source\repos\3dfourconnect\3dfourconnect\gamemanager.h(114): warning C4554: '|': check operator precedence for possible error; use parentheses to clarify precedence
c:\users\erik\source\repos\3dfourconnect\3dfourconnect\gamemanager.h(424): warning C4244: 'initializing': conversion from 'double' to 'float', possible loss of data
c:\users\erik\source\repos\3dfourconnect\3dfourconnect\gamemanager.h(425): warning C4244: 'initializing': conversion from 'double' to 'float', possible loss of data
c:\users\erik\source\repos\3dfourconnect\3dfourconnect\main.cpp(106): warning C4244: 'initializing': conversion from '_Rep' to 'int', possible loss of data
          with
          [
              _Rep=__int64
          ]
c:\users\erik\source\repos\3dfourconnect\3dfourconnect\main.cpp(111): warning C4244: 'initializing': conversion from 'double' to 'int', possible loss of data
LINK : warning LNK4098: defaultlib 'MSVCRTD' conflicts with use of other libs; use /NODEFAULTLIB:library
  Generating code
  71 of 1366 functions ( 5.2%) were compiled, the rest were copied from previous compilation.
    6 functions were new in current compilation
    4 functions had inline decision re-evaluated but remain unchanged
  Finished generating code
  3DFourConnect.vcxproj -> C:\Users\Erik\source\repos\3DFourConnect\x64\Release\3DFourConnect.exe
