  Main.cpp
c:\users\erik\source\repos\3dfourconnect\libresources\include\shader.h(61): warning C4101: 'e': unreferenced local variable
c:\program files (x86)\windows kits\10\include\10.0.17763.0\shared\minwindef.h(130): warning C4005: 'APIENTRY': macro redefinition
  c:\users\erik\source\repos\3dfourconnect\libresources\include\glad\glad.h(32): note: see previous definition of 'APIENTRY'
c:\users\erik\source\repos\3dfourconnect\3dfourconnect\camera.h(77): warning C4305: '=': truncation from 'double' to 'float'
c:\users\erik\source\repos\3dfourconnect\3dfourconnect\camera.h(78): warning C4305: '=': truncation from 'double' to 'float'
c:\users\erik\source\repos\3dfourconnect\3dfourconnect\camera.h(98): warning C4305: '=': truncation from 'double' to 'float'
c:\users\erik\source\repos\3dfourconnect\3dfourconnect\camera.h(156): warning C4244: '=': conversion from 'double' to 'float', possible loss of data
c:\users\erik\source\repos\3dfourconnect\3dfourconnect\camera.h(157): warning C4244: '=': conversion from 'double' to 'float', possible loss of data
c:\users\erik\source\repos\3dfourconnect\3dfourconnect\camera.h(161): warning C4244: 'initializing': conversion from 'double' to 'float', possible loss of data
c:\users\erik\source\repos\3dfourconnect\3dfourconnect\camera.h(162): warning C4244: 'initializing': conversion from 'double' to 'float', possible loss of data
c:\users\erik\source\repos\3dfourconnect\3dfourconnect\camera.h(163): warning C4244: '=': conversion from 'double' to 'float', possible loss of data
c:\users\erik\source\repos\3dfourconnect\3dfourconnect\camera.h(164): warning C4244: '=': conversion from 'double' to 'float', possible loss of data
c:\users\erik\source\repos\3dfourconnect\3dfourconnect\camera.h(187): warning C4244: 'initializing': conversion from 'double' to 'float', possible loss of data
c:\users\erik\source\repos\3dfourconnect\3dfourconnect\camera.h(188): warning C4244: '=': conversion from 'double' to 'float', possible loss of data
c:\users\erik\source\repos\3dfourconnect\3dfourconnect\graphicsengine.h(176): warning C4018: '<': signed/unsigned mismatch
c:\users\erik\source\repos\3dfourconnect\3dfourconnect\main.cpp(57): warning C4244: 'initializing': conversion from '_Rep' to 'int', possible loss of data
          with
          [
              _Rep=__int64
          ]
c:\users\erik\source\repos\3dfourconnect\3dfourconnect\main.cpp(62): warning C4244: 'initializing': conversion from 'double' to 'int', possible loss of data
LINK : warning LNK4098: defaultlib 'MSVCRTD' conflicts with use of other libs; use /NODEFAULTLIB:library
Main.obj : error LNK2001: unresolved external symbol _aiGetMaterialTextureCount
Main.obj : error LNK2001: unresolved external symbol "public: char const * __thiscall Assimp::Importer::GetErrorString(void)const " (?GetErrorString@Importer@Assimp@@QBEPBDXZ)
Main.obj : error LNK2001: unresolved external symbol "public: struct aiScene const * __thiscall Assimp::Importer::ReadFile(char const *,unsigned int)" (?ReadFile@Importer@Assimp@@QAEPBUaiScene@@PBDI@Z)
Main.obj : error LNK2001: unresolved external symbol "public: __thiscall Assimp::Importer::~Importer(void)" (??1Importer@Assimp@@QAE@XZ)
Main.obj : error LNK2001: unresolved external symbol "public: __thiscall Assimp::Importer::Importer(void)" (??0Importer@Assimp@@QAE@XZ)
Main.obj : error LNK2001: unresolved external symbol _aiGetMaterialTexture
C:\Users\Erik\source\repos\3DFourConnect\Release\3DFourConnect.exe : fatal error LNK1120: 6 unresolved externals
