  Main.cpp
c:\users\erik\source\repos\3dfourconnect\libresources\include\shader.h(61): warning C4101: 'e': unreferenced local variable
c:\program files (x86)\windows kits\10\include\10.0.17763.0\shared\minwindef.h(130): warning C4005: 'APIENTRY': macro redefinition
  c:\users\erik\source\repos\3dfourconnect\libresources\include\glad\glad.h(32): note: see previous definition of 'APIENTRY'
c:\users\erik\source\repos\3dfourconnect\3dfourconnect\camera.h(76): warning C4305: '=': truncation from 'double' to 'float'
c:\users\erik\source\repos\3dfourconnect\3dfourconnect\camera.h(77): warning C4305: '=': truncation from 'double' to 'float'
c:\users\erik\source\repos\3dfourconnect\3dfourconnect\camera.h(97): warning C4305: '=': truncation from 'double' to 'float'
c:\users\erik\source\repos\3dfourconnect\3dfourconnect\camera.h(155): warning C4244: '=': conversion from 'double' to 'float', possible loss of data
c:\users\erik\source\repos\3dfourconnect\3dfourconnect\camera.h(156): warning C4244: '=': conversion from 'double' to 'float', possible loss of data
c:\users\erik\source\repos\3dfourconnect\3dfourconnect\camera.h(160): warning C4244: 'initializing': conversion from 'double' to 'float', possible loss of data
c:\users\erik\source\repos\3dfourconnect\3dfourconnect\camera.h(161): warning C4244: 'initializing': conversion from 'double' to 'float', possible loss of data
c:\users\erik\source\repos\3dfourconnect\3dfourconnect\camera.h(162): warning C4244: '=': conversion from 'double' to 'float', possible loss of data
c:\users\erik\source\repos\3dfourconnect\3dfourconnect\camera.h(163): warning C4244: '=': conversion from 'double' to 'float', possible loss of data
c:\users\erik\source\repos\3dfourconnect\3dfourconnect\main.cpp(57): warning C4244: 'initializing': conversion from '_Rep' to 'int', possible loss of data
          with
          [
              _Rep=__int64
          ]
c:\users\erik\source\repos\3dfourconnect\3dfourconnect\main.cpp(62): warning C4244: 'initializing': conversion from 'double' to 'int', possible loss of data
  3DFourConnect.vcxproj -> C:\Users\Erik\source\repos\3DFourConnect\Debug\3DFourConnect.exe
